<?xml version="1.0" encoding="UTF-8"?>
<testsuite xmlns:xsi="http://www.w3.org/2001/XMLSchema-instance" xsi:noNamespaceSchemaLocation="https://maven.apache.org/surefire/maven-surefire-plugin/xsd/surefire-test-report-3.0.xsd" version="3.0" name="BasicTest" time="0.117" tests="11" errors="0" skipped="0" failures="0">
  <properties>
[...]
</properties>
  <testcase name="testGetMultiplication" classname="BasicTest" time="0.038">
    <system-out><![CDATA[getMultiplication
]]></system-out>
  </testcase>
  <testcase name="testGetSumofIntArray" classname="BasicTest" time="0.001">
    <system-out><![CDATA[getSumofIntArray
]]></system-out>
  </testcase>
  <testcase name="testMain" classname="BasicTest" time="0.001">
    <system-out><![CDATA[main
]]></system-out>
  </testcase>
  <testcase name="testgetMaximumOfSubarray" classname="BasicTest" time="0.002">
    <system-out><![CDATA[getMaximumOfSubarray]]></system-out>
  </testcase>
  <testcase name="testGetNegativeSumofIntArray" classname="BasicTest" time="0.001">
    <system-out><![CDATA[getNegativeSumofIntArray
]]></system-out>
  </testcase>
  <testcase name="testGetAddition" classname="BasicTest" time="0.001">
    <system-out><![CDATA[getAddition
]]></system-out>
  </testcase>
  <testcase name="testGetSubstraction" classname="BasicTest" time="0.001">
    <system-out><![CDATA[getSubstraction
]]></system-out>
  </testcase>
  <testcase name="testGetModulo" classname="BasicTest" time="0">
    <system-out><![CDATA[getModulo
]]></system-out>
  </testcase>
  <testcase name="testGetappendStringwithSpace" classname="BasicTest" time="0.013">
    <system-out><![CDATA[getappendStringwithSpace
]]></system-out>
  </testcase>
  <testcase name="testGetSubstractionElementbyElementArray" classname="BasicTest" time="0.001">
    <system-out><![CDATA[getSubstractionElementbyElementArray
]]></system-out>
  </testcase>
  <testcase name="testGetDivision" classname="BasicTest" time="0.001">
    <system-out><![CDATA[getDivision
]]></system-out>
  </testcase>
</testsuite>